The system is: Linux - 3.10.0-1160.80.1.el7.x86_64 - x86_64
Compiling the C compiler identification source file "CMakeCCompilerId.c" succeeded.
Compiler: /apps/all/AOCC/3.2.0-GCCcore-11.2.0/bin/clang 
Build flags: -O2;-fPIC;-march=znver2
Id flags:  

The output was:
0


Compilation of the C compiler identification source "CMakeCCompilerId.c" produced "a.out"

The C compiler identification is Clang, found in "/home/nov0488/heatedplate/src/build/CMakeFiles/3.24.3/CompilerIdC/a.out"

Compiling the CXX compiler identification source file "CMakeCXXCompilerId.cpp" succeeded.
Compiler: /apps/all/AOCC/3.2.0-GCCcore-11.2.0/bin/clang++ 
Build flags: -O2;-fPIC;-march=znver2
Id flags:  

The output was:
0


Compilation of the CXX compiler identification source "CMakeCXXCompilerId.cpp" produced "a.out"

The CXX compiler identification is Clang, found in "/home/nov0488/heatedplate/src/build/CMakeFiles/3.24.3/CompilerIdCXX/a.out"

Detecting C compiler ABI info compiled with the following output:
Change Dir: /home/nov0488/heatedplate/src/build/CMakeFiles/CMakeTmp

Run Build Command(s):/usr/bin/gmake -f Makefile cmTC_962a1/fast && /usr/bin/gmake  -f CMakeFiles/cmTC_962a1.dir/build.make CMakeFiles/cmTC_962a1.dir/build
gmake[1]: Entering directory `/home/nov0488/heatedplate/src/build/CMakeFiles/CMakeTmp'
Building C object CMakeFiles/cmTC_962a1.dir/CMakeCCompilerABI.c.o
/apps/all/AOCC/3.2.0-GCCcore-11.2.0/bin/clang   -O2 -fPIC -march=znver2    -v -MD -MT CMakeFiles/cmTC_962a1.dir/CMakeCCompilerABI.c.o -MF CMakeFiles/cmTC_962a1.dir/CMakeCCompilerABI.c.o.d -o CMakeFiles/cmTC_962a1.dir/CMakeCCompilerABI.c.o -c /apps/all/CMake/3.24.3-GCCcore-12.2.0/share/cmake-3.24/Modules/CMakeCCompilerABI.c
AMD clang version 13.0.0 (CLANG: AOCC_3.2.0-Build#128 2021_11_12) (based on LLVM Mirror.Version.13.0.0)
Target: x86_64-unknown-linux-gnu
Thread model: posix
InstalledDir: /apps/all/AOCC/3.2.0-GCCcore-11.2.0/bin
Found candidate GCC installation: /apps/all/GCCcore/12.1.0/lib/gcc/x86_64-pc-linux-gnu/12.1.0
Selected GCC installation: /apps/all/GCCcore/12.1.0/lib/gcc/x86_64-pc-linux-gnu/12.1.0
Candidate multilib: .;@m64
Selected multilib: .;@m64
 (in-process)
 "/apps/all/AOCC/3.2.0-GCCcore-11.2.0/bin/clang.orig" -cc1 -triple x86_64-unknown-linux-gnu -emit-obj --mrelax-relocations -disable-free -main-file-name CMakeCCompilerABI.c -mrelocation-model pic -pic-level 2 -fhalf-no-semantic-interposition -mframe-pointer=none -fmath-errno -fno-rounding-math -mconstructor-aliases -munwind-tables -target-cpu znver2 -debugger-tuning=gdb -v -fcoverage-compilation-dir=/home/nov0488/heatedplate/src/build/CMakeFiles/CMakeTmp -resource-dir /apps/all/AOCC/3.2.0-GCCcore-11.2.0/lib/clang/13.0.0 -dependency-file CMakeFiles/cmTC_962a1.dir/CMakeCCompilerABI.c.o.d -MT CMakeFiles/cmTC_962a1.dir/CMakeCCompilerABI.c.o -sys-header-deps -I/apps/all/binutils/2.38-GCCcore-12.1.0/include -I/apps/all/zlib/1.2.12-GCCcore-12.1.0/include -I/apps/all/libarchive/3.6.1-GCCcore-12.2.0/include -I/apps/all/XZ/5.2.7-GCCcore-12.2.0/include -I/apps/all/cURL/7.86.0-GCCcore-12.2.0/include -I/apps/all/OpenSSL/1.1/include -I/apps/all/bzip2/1.0.8-GCCcore-12.2.0/include -I/apps/all/ncurses/6.3-GCCcore-12.2.0/include -I/apps/all/AOCC/3.2.0-GCCcore-11.2.0/include -I/apps/all/libxml2/2.9.10-GCCcore-11.2.0/include/libxml2 -I/apps/all/libxml2/2.9.10-GCCcore-11.2.0/include -I/apps/all/imkl/2022.0.1/mkl/2022.0.1/include/fftw -I/apps/all/imkl/2022.0.1/mkl/2022.0.1/include -I/apps/all/impi/2021.5.0-intel-compilers-2022.0.1/mpi/2021.5.0/include -I/apps/all/UCX/1.11.2-GCCcore-11.2.0/include -I/apps/all/numactl/2.0.14-GCCcore-11.2.0/include -I/apps/all/intel-compilers/2022.0.1/tbb/2021.5.0/include -c-isystem /apps/all/AOCC/3.2.0-GCCcore-11.2.0/include -cxx-isystem /apps/all/AOCC/3.2.0-GCCcore-11.2.0/include -internal-isystem /apps/all/AOCC/3.2.0-GCCcore-11.2.0/lib/clang/13.0.0/include -internal-isystem /usr/local/include -internal-isystem /apps/all/GCCcore/12.1.0/lib/gcc/x86_64-pc-linux-gnu/12.1.0/../../../../x86_64-pc-linux-gnu/include -internal-externc-isystem /include -internal-externc-isystem /usr/include -O2 -fdebug-compilation-dir=/home/nov0488/heatedplate/src/build/CMakeFiles/CMakeTmp -ferror-limit 19 -fgnuc-version=4.2.1 -vectorize-loops -vectorize-slp -struct-peel-mem-block-size=16384 -mllvm -rv-max-reg-size=256 -mllvm -enable-branch-combine -mllvm -phi-elim-preserve-cmpjmp-glue -itodcalls -itodcallsbyclone -faddrsig -D__GCC_HAVE_DWARF2_CFI_ASM=1 -o CMakeFiles/cmTC_962a1.dir/CMakeCCompilerABI.c.o -x c /apps/all/CMake/3.24.3-GCCcore-12.2.0/share/cmake-3.24/Modules/CMakeCCompilerABI.c
clang -cc1 version 13.0.0 based upon LLVM Mirror.Version.13.0.0 default target x86_64-unknown-linux-gnu
ignoring nonexistent directory "/apps/all/GCCcore/12.1.0/lib/gcc/x86_64-pc-linux-gnu/12.1.0/../../../../x86_64-pc-linux-gnu/include"
ignoring nonexistent directory "/include"
ignoring duplicate directory "/apps/all/AOCC/3.2.0-GCCcore-11.2.0/include"
  as it is a non-system directory that duplicates a system directory
#include "..." search starts here:
#include <...> search starts here:
 /apps/all/binutils/2.38-GCCcore-12.1.0/include
 /apps/all/zlib/1.2.12-GCCcore-12.1.0/include
 /apps/all/libarchive/3.6.1-GCCcore-12.2.0/include
 /apps/all/XZ/5.2.7-GCCcore-12.2.0/include
 /apps/all/cURL/7.86.0-GCCcore-12.2.0/include
 /apps/all/OpenSSL/1.1/include
 /apps/all/bzip2/1.0.8-GCCcore-12.2.0/include
 /apps/all/ncurses/6.3-GCCcore-12.2.0/include
 /apps/all/libxml2/2.9.10-GCCcore-11.2.0/include/libxml2
 /apps/all/libxml2/2.9.10-GCCcore-11.2.0/include
 /apps/all/imkl/2022.0.1/mkl/2022.0.1/include/fftw
 /apps/all/imkl/2022.0.1/mkl/2022.0.1/include
 /apps/all/impi/2021.5.0-intel-compilers-2022.0.1/mpi/2021.5.0/include
 /apps/all/UCX/1.11.2-GCCcore-11.2.0/include
 /apps/all/numactl/2.0.14-GCCcore-11.2.0/include
 /apps/all/intel-compilers/2022.0.1/tbb/2021.5.0/include
 /apps/all/AOCC/3.2.0-GCCcore-11.2.0/include
 /apps/all/AOCC/3.2.0-GCCcore-11.2.0/lib/clang/13.0.0/include
 /usr/local/include
 /usr/include
End of search list.
Linking C executable cmTC_962a1
/apps/all/CMake/3.24.3-GCCcore-12.2.0/bin/cmake -E cmake_link_script CMakeFiles/cmTC_962a1.dir/link.txt --verbose=1
/apps/all/AOCC/3.2.0-GCCcore-11.2.0/bin/clang -O2 -fPIC -march=znver2   -v -rdynamic CMakeFiles/cmTC_962a1.dir/CMakeCCompilerABI.c.o -o cmTC_962a1 
AMD clang version 13.0.0 (CLANG: AOCC_3.2.0-Build#128 2021_11_12) (based on LLVM Mirror.Version.13.0.0)
Target: x86_64-unknown-linux-gnu
Thread model: posix
InstalledDir: /apps/all/AOCC/3.2.0-GCCcore-11.2.0/bin
Found candidate GCC installation: /apps/all/GCCcore/12.1.0/lib/gcc/x86_64-pc-linux-gnu/12.1.0
Selected GCC installation: /apps/all/GCCcore/12.1.0/lib/gcc/x86_64-pc-linux-gnu/12.1.0
Candidate multilib: .;@m64
Selected multilib: .;@m64
 "/apps/all/AOCC/3.2.0-GCCcore-11.2.0/bin/ld.lld" -export-dynamic --hash-style=gnu --eh-frame-hdr -m elf_x86_64 -export-dynamic -dynamic-linker /lib64/ld-linux-x86-64.so.2 -o cmTC_962a1 /lib/../lib64/crt1.o /lib/../lib64/crti.o /apps/all/GCCcore/12.1.0/lib/gcc/x86_64-pc-linux-gnu/12.1.0/crtbegin.o -L/apps/all/GCCcore/12.1.0/lib/gcc/x86_64-pc-linux-gnu/12.1.0 -L/apps/all/GCCcore/12.1.0/lib/gcc/x86_64-pc-linux-gnu/12.1.0/../../../../lib64 -L/lib/../lib64 -L/usr/lib/../lib64 -L/apps/all/AOCC/3.2.0-GCCcore-11.2.0/bin/../lib -L/lib -L/usr/lib -L/apps/all/binutils/2.38-GCCcore-12.1.0/lib -L/apps/all/zlib/1.2.12-GCCcore-12.1.0/lib -L/apps/all/libarchive/3.6.1-GCCcore-12.2.0/lib -L/apps/all/XZ/5.2.7-GCCcore-12.2.0/lib -L/apps/all/cURL/7.86.0-GCCcore-12.2.0/lib -L/apps/all/OpenSSL/1.1/lib -L/apps/all/bzip2/1.0.8-GCCcore-12.2.0/lib -L/apps/all/ncurses/6.3-GCCcore-12.2.0/lib -L/apps/all/AOCC/3.2.0-GCCcore-11.2.0/lib32 -L/apps/all/AOCC/3.2.0-GCCcore-11.2.0/lib -L/apps/all/libxml2/2.9.10-GCCcore-11.2.0/lib -L/apps/all/imkl-FFTW/2022.0.1-iimpi-2022.00/lib -L/apps/all/imkl/2022.0.1/mkl/2022.0.1/lib/intel64 -L/apps/all/imkl/2022.0.1/compiler/2022.0.1/linux/compiler/lib/intel64_lin -L/apps/all/impi/2021.5.0-intel-compilers-2022.0.1/mpi/2021.5.0/libfabric/lib -L/apps/all/impi/2021.5.0-intel-compilers-2022.0.1/mpi/2021.5.0/lib/release -L/apps/all/impi/2021.5.0-intel-compilers-2022.0.1/mpi/2021.5.0/lib -L/apps/all/UCX/1.11.2-GCCcore-11.2.0/lib -L/apps/all/numactl/2.0.14-GCCcore-11.2.0/lib -L/apps/all/intel-compilers/2022.0.1/tbb/2021.5.0/lib/intel64/gcc4.8 -L/apps/all/intel-compilers/2022.0.1/compiler/2022.0.1/linux/compiler/lib/intel64_lin -L/apps/all/intel-compilers/2022.0.1/compiler/2022.0.1/linux/lib/x64 -L/apps/all/intel-compilers/2022.0.1/compiler/2022.0.1/linux/lib CMakeFiles/cmTC_962a1.dir/CMakeCCompilerABI.c.o -lgcc --as-needed -lgcc_s --no-as-needed -lc -lgcc --as-needed -lgcc_s --no-as-needed /apps/all/GCCcore/12.1.0/lib/gcc/x86_64-pc-linux-gnu/12.1.0/crtend.o /lib/../lib64/crtn.o
gmake[1]: Leaving directory `/home/nov0488/heatedplate/src/build/CMakeFiles/CMakeTmp'



Parsed C implicit include dir info from above output: rv=done
  found start of include info
  found start of implicit include info
    add: [/apps/all/binutils/2.38-GCCcore-12.1.0/include]
    add: [/apps/all/zlib/1.2.12-GCCcore-12.1.0/include]
    add: [/apps/all/libarchive/3.6.1-GCCcore-12.2.0/include]
    add: [/apps/all/XZ/5.2.7-GCCcore-12.2.0/include]
    add: [/apps/all/cURL/7.86.0-GCCcore-12.2.0/include]
    add: [/apps/all/OpenSSL/1.1/include]
    add: [/apps/all/bzip2/1.0.8-GCCcore-12.2.0/include]
    add: [/apps/all/ncurses/6.3-GCCcore-12.2.0/include]
    add: [/apps/all/libxml2/2.9.10-GCCcore-11.2.0/include/libxml2]
    add: [/apps/all/libxml2/2.9.10-GCCcore-11.2.0/include]
    add: [/apps/all/imkl/2022.0.1/mkl/2022.0.1/include/fftw]
    add: [/apps/all/imkl/2022.0.1/mkl/2022.0.1/include]
    add: [/apps/all/impi/2021.5.0-intel-compilers-2022.0.1/mpi/2021.5.0/include]
    add: [/apps/all/UCX/1.11.2-GCCcore-11.2.0/include]
    add: [/apps/all/numactl/2.0.14-GCCcore-11.2.0/include]
    add: [/apps/all/intel-compilers/2022.0.1/tbb/2021.5.0/include]
    add: [/apps/all/AOCC/3.2.0-GCCcore-11.2.0/include]
    add: [/apps/all/AOCC/3.2.0-GCCcore-11.2.0/lib/clang/13.0.0/include]
    add: [/usr/local/include]
    add: [/usr/include]
  end of search list found
  collapse include dir [/apps/all/binutils/2.38-GCCcore-12.1.0/include] ==> [/apps/all/binutils/2.38-GCCcore-12.1.0/include]
  collapse include dir [/apps/all/zlib/1.2.12-GCCcore-12.1.0/include] ==> [/apps/all/zlib/1.2.12-GCCcore-12.1.0/include]
  collapse include dir [/apps/all/libarchive/3.6.1-GCCcore-12.2.0/include] ==> [/apps/all/libarchive/3.6.1-GCCcore-12.2.0/include]
  collapse include dir [/apps/all/XZ/5.2.7-GCCcore-12.2.0/include] ==> [/apps/all/XZ/5.2.7-GCCcore-12.2.0/include]
  collapse include dir [/apps/all/cURL/7.86.0-GCCcore-12.2.0/include] ==> [/apps/all/cURL/7.86.0-GCCcore-12.2.0/include]
  collapse include dir [/apps/all/OpenSSL/1.1/include] ==> [/apps/all/OpenSSL/1.1/include]
  collapse include dir [/apps/all/bzip2/1.0.8-GCCcore-12.2.0/include] ==> [/apps/all/bzip2/1.0.8-GCCcore-12.2.0/include]
  collapse include dir [/apps/all/ncurses/6.3-GCCcore-12.2.0/include] ==> [/apps/all/ncurses/6.3-GCCcore-12.2.0/include]
  collapse include dir [/apps/all/libxml2/2.9.10-GCCcore-11.2.0/include/libxml2] ==> [/apps/all/libxml2/2.9.10-GCCcore-11.2.0/include/libxml2]
  collapse include dir [/apps/all/libxml2/2.9.10-GCCcore-11.2.0/include] ==> [/apps/all/libxml2/2.9.10-GCCcore-11.2.0/include]
  collapse include dir [/apps/all/imkl/2022.0.1/mkl/2022.0.1/include/fftw] ==> [/apps/all/imkl/2022.0.1/mkl/2022.0.1/include/fftw]
  collapse include dir [/apps/all/imkl/2022.0.1/mkl/2022.0.1/include] ==> [/apps/all/imkl/2022.0.1/mkl/2022.0.1/include]
  collapse include dir [/apps/all/impi/2021.5.0-intel-compilers-2022.0.1/mpi/2021.5.0/include] ==> [/apps/all/impi/2021.5.0-intel-compilers-2022.0.1/mpi/2021.5.0/include]
  collapse include dir [/apps/all/UCX/1.11.2-GCCcore-11.2.0/include] ==> [/apps/all/UCX/1.11.2-GCCcore-11.2.0/include]
  collapse include dir [/apps/all/numactl/2.0.14-GCCcore-11.2.0/include] ==> [/apps/all/numactl/2.0.14-GCCcore-11.2.0/include]
  collapse include dir [/apps/all/intel-compilers/2022.0.1/tbb/2021.5.0/include] ==> [/apps/all/intel-compilers/2022.0.1/tbb/2021.5.0/include]
  collapse include dir [/apps/all/AOCC/3.2.0-GCCcore-11.2.0/include] ==> [/apps/all/AOCC/3.2.0-GCCcore-11.2.0/include]
  collapse include dir [/apps/all/AOCC/3.2.0-GCCcore-11.2.0/lib/clang/13.0.0/include] ==> [/apps/all/AOCC/3.2.0-GCCcore-11.2.0/lib/clang/13.0.0/include]
  collapse include dir [/usr/local/include] ==> [/usr/local/include]
  collapse include dir [/usr/include] ==> [/usr/include]
  implicit include dirs: [/apps/all/binutils/2.38-GCCcore-12.1.0/include;/apps/all/zlib/1.2.12-GCCcore-12.1.0/include;/apps/all/libarchive/3.6.1-GCCcore-12.2.0/include;/apps/all/XZ/5.2.7-GCCcore-12.2.0/include;/apps/all/cURL/7.86.0-GCCcore-12.2.0/include;/apps/all/OpenSSL/1.1/include;/apps/all/bzip2/1.0.8-GCCcore-12.2.0/include;/apps/all/ncurses/6.3-GCCcore-12.2.0/include;/apps/all/libxml2/2.9.10-GCCcore-11.2.0/include/libxml2;/apps/all/libxml2/2.9.10-GCCcore-11.2.0/include;/apps/all/imkl/2022.0.1/mkl/2022.0.1/include/fftw;/apps/all/imkl/2022.0.1/mkl/2022.0.1/include;/apps/all/impi/2021.5.0-intel-compilers-2022.0.1/mpi/2021.5.0/include;/apps/all/UCX/1.11.2-GCCcore-11.2.0/include;/apps/all/numactl/2.0.14-GCCcore-11.2.0/include;/apps/all/intel-compilers/2022.0.1/tbb/2021.5.0/include;/apps/all/AOCC/3.2.0-GCCcore-11.2.0/include;/apps/all/AOCC/3.2.0-GCCcore-11.2.0/lib/clang/13.0.0/include;/usr/local/include;/usr/include]


Parsed C implicit link information from above output:
  link line regex: [^( *|.*[/\])(ld\.lld|CMAKE_LINK_STARTFILE-NOTFOUND|([^/\]+-)?ld|collect2)[^/\]*( |$)]
  ignore line: [Change Dir: /home/nov0488/heatedplate/src/build/CMakeFiles/CMakeTmp]
  ignore line: []
  ignore line: [Run Build Command(s):/usr/bin/gmake -f Makefile cmTC_962a1/fast && /usr/bin/gmake  -f CMakeFiles/cmTC_962a1.dir/build.make CMakeFiles/cmTC_962a1.dir/build]
  ignore line: [gmake[1]: Entering directory `/home/nov0488/heatedplate/src/build/CMakeFiles/CMakeTmp']
  ignore line: [Building C object CMakeFiles/cmTC_962a1.dir/CMakeCCompilerABI.c.o]
  ignore line: [/apps/all/AOCC/3.2.0-GCCcore-11.2.0/bin/clang   -O2 -fPIC -march=znver2    -v -MD -MT CMakeFiles/cmTC_962a1.dir/CMakeCCompilerABI.c.o -MF CMakeFiles/cmTC_962a1.dir/CMakeCCompilerABI.c.o.d -o CMakeFiles/cmTC_962a1.dir/CMakeCCompilerABI.c.o -c /apps/all/CMake/3.24.3-GCCcore-12.2.0/share/cmake-3.24/Modules/CMakeCCompilerABI.c]
  ignore line: [AMD clang version 13.0.0 (CLANG: AOCC_3.2.0-Build#128 2021_11_12) (based on LLVM Mirror.Version.13.0.0)]
  ignore line: [Target: x86_64-unknown-linux-gnu]
  ignore line: [Thread model: posix]
  ignore line: [InstalledDir: /apps/all/AOCC/3.2.0-GCCcore-11.2.0/bin]
  ignore line: [Found candidate GCC installation: /apps/all/GCCcore/12.1.0/lib/gcc/x86_64-pc-linux-gnu/12.1.0]
  ignore line: [Selected GCC installation: /apps/all/GCCcore/12.1.0/lib/gcc/x86_64-pc-linux-gnu/12.1.0]
  ignore line: [Candidate multilib: .]
  ignore line: [@m64]
  ignore line: [Selected multilib: .]
  ignore line: [@m64]
  ignore line: [ (in-process)]
  ignore line: [ "/apps/all/AOCC/3.2.0-GCCcore-11.2.0/bin/clang.orig" -cc1 -triple x86_64-unknown-linux-gnu -emit-obj --mrelax-relocations -disable-free -main-file-name CMakeCCompilerABI.c -mrelocation-model pic -pic-level 2 -fhalf-no-semantic-interposition -mframe-pointer=none -fmath-errno -fno-rounding-math -mconstructor-aliases -munwind-tables -target-cpu znver2 -debugger-tuning=gdb -v -fcoverage-compilation-dir=/home/nov0488/heatedplate/src/build/CMakeFiles/CMakeTmp -resource-dir /apps/all/AOCC/3.2.0-GCCcore-11.2.0/lib/clang/13.0.0 -dependency-file CMakeFiles/cmTC_962a1.dir/CMakeCCompilerABI.c.o.d -MT CMakeFiles/cmTC_962a1.dir/CMakeCCompilerABI.c.o -sys-header-deps -I/apps/all/binutils/2.38-GCCcore-12.1.0/include -I/apps/all/zlib/1.2.12-GCCcore-12.1.0/include -I/apps/all/libarchive/3.6.1-GCCcore-12.2.0/include -I/apps/all/XZ/5.2.7-GCCcore-12.2.0/include -I/apps/all/cURL/7.86.0-GCCcore-12.2.0/include -I/apps/all/OpenSSL/1.1/include -I/apps/all/bzip2/1.0.8-GCCcore-12.2.0/include -I/apps/all/ncurses/6.3-GCCcore-12.2.0/include -I/apps/all/AOCC/3.2.0-GCCcore-11.2.0/include -I/apps/all/libxml2/2.9.10-GCCcore-11.2.0/include/libxml2 -I/apps/all/libxml2/2.9.10-GCCcore-11.2.0/include -I/apps/all/imkl/2022.0.1/mkl/2022.0.1/include/fftw -I/apps/all/imkl/2022.0.1/mkl/2022.0.1/include -I/apps/all/impi/2021.5.0-intel-compilers-2022.0.1/mpi/2021.5.0/include -I/apps/all/UCX/1.11.2-GCCcore-11.2.0/include -I/apps/all/numactl/2.0.14-GCCcore-11.2.0/include -I/apps/all/intel-compilers/2022.0.1/tbb/2021.5.0/include -c-isystem /apps/all/AOCC/3.2.0-GCCcore-11.2.0/include -cxx-isystem /apps/all/AOCC/3.2.0-GCCcore-11.2.0/include -internal-isystem /apps/all/AOCC/3.2.0-GCCcore-11.2.0/lib/clang/13.0.0/include -internal-isystem /usr/local/include -internal-isystem /apps/all/GCCcore/12.1.0/lib/gcc/x86_64-pc-linux-gnu/12.1.0/../../../../x86_64-pc-linux-gnu/include -internal-externc-isystem /include -internal-externc-isystem /usr/include -O2 -fdebug-compilation-dir=/home/nov0488/heatedplate/src/build/CMakeFiles/CMakeTmp -ferror-limit 19 -fgnuc-version=4.2.1 -vectorize-loops -vectorize-slp -struct-peel-mem-block-size=16384 -mllvm -rv-max-reg-size=256 -mllvm -enable-branch-combine -mllvm -phi-elim-preserve-cmpjmp-glue -itodcalls -itodcallsbyclone -faddrsig -D__GCC_HAVE_DWARF2_CFI_ASM=1 -o CMakeFiles/cmTC_962a1.dir/CMakeCCompilerABI.c.o -x c /apps/all/CMake/3.24.3-GCCcore-12.2.0/share/cmake-3.24/Modules/CMakeCCompilerABI.c]
  ignore line: [clang -cc1 version 13.0.0 based upon LLVM Mirror.Version.13.0.0 default target x86_64-unknown-linux-gnu]
  ignore line: [ignoring nonexistent directory "/apps/all/GCCcore/12.1.0/lib/gcc/x86_64-pc-linux-gnu/12.1.0/../../../../x86_64-pc-linux-gnu/include"]
  ignore line: [ignoring nonexistent directory "/include"]
  ignore line: [ignoring duplicate directory "/apps/all/AOCC/3.2.0-GCCcore-11.2.0/include"]
  ignore line: [  as it is a non-system directory that duplicates a system directory]
  ignore line: [#include "..." search starts here:]
  ignore line: [#include <...> search starts here:]
  ignore line: [ /apps/all/binutils/2.38-GCCcore-12.1.0/include]
  ignore line: [ /apps/all/zlib/1.2.12-GCCcore-12.1.0/include]
  ignore line: [ /apps/all/libarchive/3.6.1-GCCcore-12.2.0/include]
  ignore line: [ /apps/all/XZ/5.2.7-GCCcore-12.2.0/include]
  ignore line: [ /apps/all/cURL/7.86.0-GCCcore-12.2.0/include]
  ignore line: [ /apps/all/OpenSSL/1.1/include]
  ignore line: [ /apps/all/bzip2/1.0.8-GCCcore-12.2.0/include]
  ignore line: [ /apps/all/ncurses/6.3-GCCcore-12.2.0/include]
  ignore line: [ /apps/all/libxml2/2.9.10-GCCcore-11.2.0/include/libxml2]
  ignore line: [ /apps/all/libxml2/2.9.10-GCCcore-11.2.0/include]
  ignore line: [ /apps/all/imkl/2022.0.1/mkl/2022.0.1/include/fftw]
  ignore line: [ /apps/all/imkl/2022.0.1/mkl/2022.0.1/include]
  ignore line: [ /apps/all/impi/2021.5.0-intel-compilers-2022.0.1/mpi/2021.5.0/include]
  ignore line: [ /apps/all/UCX/1.11.2-GCCcore-11.2.0/include]
  ignore line: [ /apps/all/numactl/2.0.14-GCCcore-11.2.0/include]
  ignore line: [ /apps/all/intel-compilers/2022.0.1/tbb/2021.5.0/include]
  ignore line: [ /apps/all/AOCC/3.2.0-GCCcore-11.2.0/include]
  ignore line: [ /apps/all/AOCC/3.2.0-GCCcore-11.2.0/lib/clang/13.0.0/include]
  ignore line: [ /usr/local/include]
  ignore line: [ /usr/include]
  ignore line: [End of search list.]
  ignore line: [Linking C executable cmTC_962a1]
  ignore line: [/apps/all/CMake/3.24.3-GCCcore-12.2.0/bin/cmake -E cmake_link_script CMakeFiles/cmTC_962a1.dir/link.txt --verbose=1]
  ignore line: [/apps/all/AOCC/3.2.0-GCCcore-11.2.0/bin/clang -O2 -fPIC -march=znver2   -v -rdynamic CMakeFiles/cmTC_962a1.dir/CMakeCCompilerABI.c.o -o cmTC_962a1 ]
  ignore line: [AMD clang version 13.0.0 (CLANG: AOCC_3.2.0-Build#128 2021_11_12) (based on LLVM Mirror.Version.13.0.0)]
  ignore line: [Target: x86_64-unknown-linux-gnu]
  ignore line: [Thread model: posix]
  ignore line: [InstalledDir: /apps/all/AOCC/3.2.0-GCCcore-11.2.0/bin]
  ignore line: [Found candidate GCC installation: /apps/all/GCCcore/12.1.0/lib/gcc/x86_64-pc-linux-gnu/12.1.0]
  ignore line: [Selected GCC installation: /apps/all/GCCcore/12.1.0/lib/gcc/x86_64-pc-linux-gnu/12.1.0]
  ignore line: [Candidate multilib: .]
  ignore line: [@m64]
  ignore line: [Selected multilib: .]
  ignore line: [@m64]
  link line: [ "/apps/all/AOCC/3.2.0-GCCcore-11.2.0/bin/ld.lld" -export-dynamic --hash-style=gnu --eh-frame-hdr -m elf_x86_64 -export-dynamic -dynamic-linker /lib64/ld-linux-x86-64.so.2 -o cmTC_962a1 /lib/../lib64/crt1.o /lib/../lib64/crti.o /apps/all/GCCcore/12.1.0/lib/gcc/x86_64-pc-linux-gnu/12.1.0/crtbegin.o -L/apps/all/GCCcore/12.1.0/lib/gcc/x86_64-pc-linux-gnu/12.1.0 -L/apps/all/GCCcore/12.1.0/lib/gcc/x86_64-pc-linux-gnu/12.1.0/../../../../lib64 -L/lib/../lib64 -L/usr/lib/../lib64 -L/apps/all/AOCC/3.2.0-GCCcore-11.2.0/bin/../lib -L/lib -L/usr/lib -L/apps/all/binutils/2.38-GCCcore-12.1.0/lib -L/apps/all/zlib/1.2.12-GCCcore-12.1.0/lib -L/apps/all/libarchive/3.6.1-GCCcore-12.2.0/lib -L/apps/all/XZ/5.2.7-GCCcore-12.2.0/lib -L/apps/all/cURL/7.86.0-GCCcore-12.2.0/lib -L/apps/all/OpenSSL/1.1/lib -L/apps/all/bzip2/1.0.8-GCCcore-12.2.0/lib -L/apps/all/ncurses/6.3-GCCcore-12.2.0/lib -L/apps/all/AOCC/3.2.0-GCCcore-11.2.0/lib32 -L/apps/all/AOCC/3.2.0-GCCcore-11.2.0/lib -L/apps/all/libxml2/2.9.10-GCCcore-11.2.0/lib -L/apps/all/imkl-FFTW/2022.0.1-iimpi-2022.00/lib -L/apps/all/imkl/2022.0.1/mkl/2022.0.1/lib/intel64 -L/apps/all/imkl/2022.0.1/compiler/2022.0.1/linux/compiler/lib/intel64_lin -L/apps/all/impi/2021.5.0-intel-compilers-2022.0.1/mpi/2021.5.0/libfabric/lib -L/apps/all/impi/2021.5.0-intel-compilers-2022.0.1/mpi/2021.5.0/lib/release -L/apps/all/impi/2021.5.0-intel-compilers-2022.0.1/mpi/2021.5.0/lib -L/apps/all/UCX/1.11.2-GCCcore-11.2.0/lib -L/apps/all/numactl/2.0.14-GCCcore-11.2.0/lib -L/apps/all/intel-compilers/2022.0.1/tbb/2021.5.0/lib/intel64/gcc4.8 -L/apps/all/intel-compilers/2022.0.1/compiler/2022.0.1/linux/compiler/lib/intel64_lin -L/apps/all/intel-compilers/2022.0.1/compiler/2022.0.1/linux/lib/x64 -L/apps/all/intel-compilers/2022.0.1/compiler/2022.0.1/linux/lib CMakeFiles/cmTC_962a1.dir/CMakeCCompilerABI.c.o -lgcc --as-needed -lgcc_s --no-as-needed -lc -lgcc --as-needed -lgcc_s --no-as-needed /apps/all/GCCcore/12.1.0/lib/gcc/x86_64-pc-linux-gnu/12.1.0/crtend.o /lib/../lib64/crtn.o]
    arg [/apps/all/AOCC/3.2.0-GCCcore-11.2.0/bin/ld.lld] ==> ignore
    arg [-export-dynamic] ==> ignore
    arg [--hash-style=gnu] ==> ignore
    arg [--eh-frame-hdr] ==> ignore
    arg [-m] ==> ignore
    arg [elf_x86_64] ==> ignore
    arg [-export-dynamic] ==> ignore
    arg [-dynamic-linker] ==> ignore
    arg [/lib64/ld-linux-x86-64.so.2] ==> ignore
    arg [-o] ==> ignore
    arg [cmTC_962a1] ==> ignore
    arg [/lib/../lib64/crt1.o] ==> obj [/lib/../lib64/crt1.o]
    arg [/lib/../lib64/crti.o] ==> obj [/lib/../lib64/crti.o]
    arg [/apps/all/GCCcore/12.1.0/lib/gcc/x86_64-pc-linux-gnu/12.1.0/crtbegin.o] ==> obj [/apps/all/GCCcore/12.1.0/lib/gcc/x86_64-pc-linux-gnu/12.1.0/crtbegin.o]
    arg [-L/apps/all/GCCcore/12.1.0/lib/gcc/x86_64-pc-linux-gnu/12.1.0] ==> dir [/apps/all/GCCcore/12.1.0/lib/gcc/x86_64-pc-linux-gnu/12.1.0]
    arg [-L/apps/all/GCCcore/12.1.0/lib/gcc/x86_64-pc-linux-gnu/12.1.0/../../../../lib64] ==> dir [/apps/all/GCCcore/12.1.0/lib/gcc/x86_64-pc-linux-gnu/12.1.0/../../../../lib64]
    arg [-L/lib/../lib64] ==> dir [/lib/../lib64]
    arg [-L/usr/lib/../lib64] ==> dir [/usr/lib/../lib64]
    arg [-L/apps/all/AOCC/3.2.0-GCCcore-11.2.0/bin/../lib] ==> dir [/apps/all/AOCC/3.2.0-GCCcore-11.2.0/bin/../lib]
    arg [-L/lib] ==> dir [/lib]
    arg [-L/usr/lib] ==> dir [/usr/lib]
    arg [-L/apps/all/binutils/2.38-GCCcore-12.1.0/lib] ==> dir [/apps/all/binutils/2.38-GCCcore-12.1.0/lib]
    arg [-L/apps/all/zlib/1.2.12-GCCcore-12.1.0/lib] ==> dir [/apps/all/zlib/1.2.12-GCCcore-12.1.0/lib]
    arg [-L/apps/all/libarchive/3.6.1-GCCcore-12.2.0/lib] ==> dir [/apps/all/libarchive/3.6.1-GCCcore-12.2.0/lib]
    arg [-L/apps/all/XZ/5.2.7-GCCcore-12.2.0/lib] ==> dir [/apps/all/XZ/5.2.7-GCCcore-12.2.0/lib]
    arg [-L/apps/all/cURL/7.86.0-GCCcore-12.2.0/lib] ==> dir [/apps/all/cURL/7.86.0-GCCcore-12.2.0/lib]
    arg [-L/apps/all/OpenSSL/1.1/lib] ==> dir [/apps/all/OpenSSL/1.1/lib]
    arg [-L/apps/all/bzip2/1.0.8-GCCcore-12.2.0/lib] ==> dir [/apps/all/bzip2/1.0.8-GCCcore-12.2.0/lib]
    arg [-L/apps/all/ncurses/6.3-GCCcore-12.2.0/lib] ==> dir [/apps/all/ncurses/6.3-GCCcore-12.2.0/lib]
    arg [-L/apps/all/AOCC/3.2.0-GCCcore-11.2.0/lib32] ==> dir [/apps/all/AOCC/3.2.0-GCCcore-11.2.0/lib32]
    arg [-L/apps/all/AOCC/3.2.0-GCCcore-11.2.0/lib] ==> dir [/apps/all/AOCC/3.2.0-GCCcore-11.2.0/lib]
    arg [-L/apps/all/libxml2/2.9.10-GCCcore-11.2.0/lib] ==> dir [/apps/all/libxml2/2.9.10-GCCcore-11.2.0/lib]
    arg [-L/apps/all/imkl-FFTW/2022.0.1-iimpi-2022.00/lib] ==> dir [/apps/all/imkl-FFTW/2022.0.1-iimpi-2022.00/lib]
    arg [-L/apps/all/imkl/2022.0.1/mkl/2022.0.1/lib/intel64] ==> dir [/apps/all/imkl/2022.0.1/mkl/2022.0.1/lib/intel64]
    arg [-L/apps/all/imkl/2022.0.1/compiler/2022.0.1/linux/compiler/lib/intel64_lin] ==> dir [/apps/all/imkl/2022.0.1/compiler/2022.0.1/linux/compiler/lib/intel64_lin]
    arg [-L/apps/all/impi/2021.5.0-intel-compilers-2022.0.1/mpi/2021.5.0/libfabric/lib] ==> dir [/apps/all/impi/2021.5.0-intel-compilers-2022.0.1/mpi/2021.5.0/libfabric/lib]
    arg [-L/apps/all/impi/2021.5.0-intel-compilers-2022.0.1/mpi/2021.5.0/lib/release] ==> dir [/apps/all/impi/2021.5.0-intel-compilers-2022.0.1/mpi/2021.5.0/lib/release]
    arg [-L/apps/all/impi/2021.5.0-intel-compilers-2022.0.1/mpi/2021.5.0/lib] ==> dir [/apps/all/impi/2021.5.0-intel-compilers-2022.0.1/mpi/2021.5.0/lib]
    arg [-L/apps/all/UCX/1.11.2-GCCcore-11.2.0/lib] ==> dir [/apps/all/UCX/1.11.2-GCCcore-11.2.0/lib]
    arg [-L/apps/all/numactl/2.0.14-GCCcore-11.2.0/lib] ==> dir [/apps/all/numactl/2.0.14-GCCcore-11.2.0/lib]
    arg [-L/apps/all/intel-compilers/2022.0.1/tbb/2021.5.0/lib/intel64/gcc4.8] ==> dir [/apps/all/intel-compilers/2022.0.1/tbb/2021.5.0/lib/intel64/gcc4.8]
    arg [-L/apps/all/intel-compilers/2022.0.1/compiler/2022.0.1/linux/compiler/lib/intel64_lin] ==> dir [/apps/all/intel-compilers/2022.0.1/compiler/2022.0.1/linux/compiler/lib/intel64_lin]
    arg [-L/apps/all/intel-compilers/2022.0.1/compiler/2022.0.1/linux/lib/x64] ==> dir [/apps/all/intel-compilers/2022.0.1/compiler/2022.0.1/linux/lib/x64]
    arg [-L/apps/all/intel-compilers/2022.0.1/compiler/2022.0.1/linux/lib] ==> dir [/apps/all/intel-compilers/2022.0.1/compiler/2022.0.1/linux/lib]
    arg [CMakeFiles/cmTC_962a1.dir/CMakeCCompilerABI.c.o] ==> ignore
    arg [-lgcc] ==> lib [gcc]
    arg [--as-needed] ==> ignore
    arg [-lgcc_s] ==> lib [gcc_s]
    arg [--no-as-needed] ==> ignore
    arg [-lc] ==> lib [c]
    arg [-lgcc] ==> lib [gcc]
    arg [--as-needed] ==> ignore
    arg [-lgcc_s] ==> lib [gcc_s]
    arg [--no-as-needed] ==> ignore
    arg [/apps/all/GCCcore/12.1.0/lib/gcc/x86_64-pc-linux-gnu/12.1.0/crtend.o] ==> obj [/apps/all/GCCcore/12.1.0/lib/gcc/x86_64-pc-linux-gnu/12.1.0/crtend.o]
    arg [/lib/../lib64/crtn.o] ==> obj [/lib/../lib64/crtn.o]
  collapse obj [/lib/../lib64/crt1.o] ==> [/lib64/crt1.o]
  collapse obj [/lib/../lib64/crti.o] ==> [/lib64/crti.o]
  collapse obj [/lib/../lib64/crtn.o] ==> [/lib64/crtn.o]
  collapse library dir [/apps/all/GCCcore/12.1.0/lib/gcc/x86_64-pc-linux-gnu/12.1.0] ==> [/apps/all/GCCcore/12.1.0/lib/gcc/x86_64-pc-linux-gnu/12.1.0]
  collapse library dir [/apps/all/GCCcore/12.1.0/lib/gcc/x86_64-pc-linux-gnu/12.1.0/../../../../lib64] ==> [/apps/all/GCCcore/12.1.0/lib64]
  collapse library dir [/lib/../lib64] ==> [/lib64]
  collapse library dir [/usr/lib/../lib64] ==> [/usr/lib64]
  collapse library dir [/apps/all/AOCC/3.2.0-GCCcore-11.2.0/bin/../lib] ==> [/apps/all/AOCC/3.2.0-GCCcore-11.2.0/lib]
  collapse library dir [/lib] ==> [/lib]
  collapse library dir [/usr/lib] ==> [/usr/lib]
  collapse library dir [/apps/all/binutils/2.38-GCCcore-12.1.0/lib] ==> [/apps/all/binutils/2.38-GCCcore-12.1.0/lib]
  collapse library dir [/apps/all/zlib/1.2.12-GCCcore-12.1.0/lib] ==> [/apps/all/zlib/1.2.12-GCCcore-12.1.0/lib]
  collapse library dir [/apps/all/libarchive/3.6.1-GCCcore-12.2.0/lib] ==> [/apps/all/libarchive/3.6.1-GCCcore-12.2.0/lib]
  collapse library dir [/apps/all/XZ/5.2.7-GCCcore-12.2.0/lib] ==> [/apps/all/XZ/5.2.7-GCCcore-12.2.0/lib]
  collapse library dir [/apps/all/cURL/7.86.0-GCCcore-12.2.0/lib] ==> [/apps/all/cURL/7.86.0-GCCcore-12.2.0/lib]
  collapse library dir [/apps/all/OpenSSL/1.1/lib] ==> [/apps/all/OpenSSL/1.1/lib]
  collapse library dir [/apps/all/bzip2/1.0.8-GCCcore-12.2.0/lib] ==> [/apps/all/bzip2/1.0.8-GCCcore-12.2.0/lib]
  collapse library dir [/apps/all/ncurses/6.3-GCCcore-12.2.0/lib] ==> [/apps/all/ncurses/6.3-GCCcore-12.2.0/lib]
  collapse library dir [/apps/all/AOCC/3.2.0-GCCcore-11.2.0/lib32] ==> [/apps/all/AOCC/3.2.0-GCCcore-11.2.0/lib32]
  collapse library dir [/apps/all/AOCC/3.2.0-GCCcore-11.2.0/lib] ==> [/apps/all/AOCC/3.2.0-GCCcore-11.2.0/lib]
  collapse library dir [/apps/all/libxml2/2.9.10-GCCcore-11.2.0/lib] ==> [/apps/all/libxml2/2.9.10-GCCcore-11.2.0/lib]
  collapse library dir [/apps/all/imkl-FFTW/2022.0.1-iimpi-2022.00/lib] ==> [/apps/all/imkl-FFTW/2022.0.1-iimpi-2022.00/lib]
  collapse library dir [/apps/all/imkl/2022.0.1/mkl/2022.0.1/lib/intel64] ==> [/apps/all/imkl/2022.0.1/mkl/2022.0.1/lib/intel64]
  collapse library dir [/apps/all/imkl/2022.0.1/compiler/2022.0.1/linux/compiler/lib/intel64_lin] ==> [/apps/all/imkl/2022.0.1/compiler/2022.0.1/linux/compiler/lib/intel64_lin]
  collapse library dir [/apps/all/impi/2021.5.0-intel-compilers-2022.0.1/mpi/2021.5.0/libfabric/lib] ==> [/apps/all/impi/2021.5.0-intel-compilers-2022.0.1/mpi/2021.5.0/libfabric/lib]
  collapse library dir [/apps/all/impi/2021.5.0-intel-compilers-2022.0.1/mpi/2021.5.0/lib/release] ==> [/apps/all/impi/2021.5.0-intel-compilers-2022.0.1/mpi/2021.5.0/lib/release]
  collapse library dir [/apps/all/impi/2021.5.0-intel-compilers-2022.0.1/mpi/2021.5.0/lib] ==> [/apps/all/impi/2021.5.0-intel-compilers-2022.0.1/mpi/2021.5.0/lib]
  collapse library dir [/apps/all/UCX/1.11.2-GCCcore-11.2.0/lib] ==> [/apps/all/UCX/1.11.2-GCCcore-11.2.0/lib]
  collapse library dir [/apps/all/numactl/2.0.14-GCCcore-11.2.0/lib] ==> [/apps/all/numactl/2.0.14-GCCcore-11.2.0/lib]
  collapse library dir [/apps/all/intel-compilers/2022.0.1/tbb/2021.5.0/lib/intel64/gcc4.8] ==> [/apps/all/intel-compilers/2022.0.1/tbb/2021.5.0/lib/intel64/gcc4.8]
  collapse library dir [/apps/all/intel-compilers/2022.0.1/compiler/2022.0.1/linux/compiler/lib/intel64_lin] ==> [/apps/all/intel-compilers/2022.0.1/compiler/2022.0.1/linux/compiler/lib/intel64_lin]
  collapse library dir [/apps/all/intel-compilers/2022.0.1/compiler/2022.0.1/linux/lib/x64] ==> [/apps/all/intel-compilers/2022.0.1/compiler/2022.0.1/linux/lib/x64]
  collapse library dir [/apps/all/intel-compilers/2022.0.1/compiler/2022.0.1/linux/lib] ==> [/apps/all/intel-compilers/2022.0.1/compiler/2022.0.1/linux/lib]
  implicit libs: [gcc;gcc_s;c;gcc;gcc_s]
  implicit objs: [/lib64/crt1.o;/lib64/crti.o;/apps/all/GCCcore/12.1.0/lib/gcc/x86_64-pc-linux-gnu/12.1.0/crtbegin.o;/apps/all/GCCcore/12.1.0/lib/gcc/x86_64-pc-linux-gnu/12.1.0/crtend.o;/lib64/crtn.o]
  implicit dirs: [/apps/all/GCCcore/12.1.0/lib/gcc/x86_64-pc-linux-gnu/12.1.0;/apps/all/GCCcore/12.1.0/lib64;/lib64;/usr/lib64;/apps/all/AOCC/3.2.0-GCCcore-11.2.0/lib;/lib;/usr/lib;/apps/all/binutils/2.38-GCCcore-12.1.0/lib;/apps/all/zlib/1.2.12-GCCcore-12.1.0/lib;/apps/all/libarchive/3.6.1-GCCcore-12.2.0/lib;/apps/all/XZ/5.2.7-GCCcore-12.2.0/lib;/apps/all/cURL/7.86.0-GCCcore-12.2.0/lib;/apps/all/OpenSSL/1.1/lib;/apps/all/bzip2/1.0.8-GCCcore-12.2.0/lib;/apps/all/ncurses/6.3-GCCcore-12.2.0/lib;/apps/all/AOCC/3.2.0-GCCcore-11.2.0/lib32;/apps/all/libxml2/2.9.10-GCCcore-11.2.0/lib;/apps/all/imkl-FFTW/2022.0.1-iimpi-2022.00/lib;/apps/all/imkl/2022.0.1/mkl/2022.0.1/lib/intel64;/apps/all/imkl/2022.0.1/compiler/2022.0.1/linux/compiler/lib/intel64_lin;/apps/all/impi/2021.5.0-intel-compilers-2022.0.1/mpi/2021.5.0/libfabric/lib;/apps/all/impi/2021.5.0-intel-compilers-2022.0.1/mpi/2021.5.0/lib/release;/apps/all/impi/2021.5.0-intel-compilers-2022.0.1/mpi/2021.5.0/lib;/apps/all/UCX/1.11.2-GCCcore-11.2.0/lib;/apps/all/numactl/2.0.14-GCCcore-11.2.0/lib;/apps/all/intel-compilers/2022.0.1/tbb/2021.5.0/lib/intel64/gcc4.8;/apps/all/intel-compilers/2022.0.1/compiler/2022.0.1/linux/compiler/lib/intel64_lin;/apps/all/intel-compilers/2022.0.1/compiler/2022.0.1/linux/lib/x64;/apps/all/intel-compilers/2022.0.1/compiler/2022.0.1/linux/lib]
  implicit fwks: []


Detecting CXX compiler ABI info compiled with the following output:
Change Dir: /home/nov0488/heatedplate/src/build/CMakeFiles/CMakeTmp

Run Build Command(s):/usr/bin/gmake -f Makefile cmTC_933ba/fast && /usr/bin/gmake  -f CMakeFiles/cmTC_933ba.dir/build.make CMakeFiles/cmTC_933ba.dir/build
gmake[1]: Entering directory `/home/nov0488/heatedplate/src/build/CMakeFiles/CMakeTmp'
Building CXX object CMakeFiles/cmTC_933ba.dir/CMakeCXXCompilerABI.cpp.o
/apps/all/AOCC/3.2.0-GCCcore-11.2.0/bin/clang++   -O2 -fPIC -march=znver2    -v -MD -MT CMakeFiles/cmTC_933ba.dir/CMakeCXXCompilerABI.cpp.o -MF CMakeFiles/cmTC_933ba.dir/CMakeCXXCompilerABI.cpp.o.d -o CMakeFiles/cmTC_933ba.dir/CMakeCXXCompilerABI.cpp.o -c /apps/all/CMake/3.24.3-GCCcore-12.2.0/share/cmake-3.24/Modules/CMakeCXXCompilerABI.cpp
AMD clang version 13.0.0 (CLANG: AOCC_3.2.0-Build#128 2021_11_12) (based on LLVM Mirror.Version.13.0.0)
Target: x86_64-unknown-linux-gnu
Thread model: posix
InstalledDir: /apps/all/AOCC/3.2.0-GCCcore-11.2.0/bin
Found candidate GCC installation: /apps/all/GCCcore/12.1.0/lib/gcc/x86_64-pc-linux-gnu/12.1.0
Selected GCC installation: /apps/all/GCCcore/12.1.0/lib/gcc/x86_64-pc-linux-gnu/12.1.0
Candidate multilib: .;@m64
Selected multilib: .;@m64
 (in-process)
 "/apps/all/AOCC/3.2.0-GCCcore-11.2.0/bin/clang++.orig" -cc1 -triple x86_64-unknown-linux-gnu -emit-obj --mrelax-relocations -disable-free -main-file-name CMakeCXXCompilerABI.cpp -mrelocation-model pic -pic-level 2 -fhalf-no-semantic-interposition -mframe-pointer=none -fmath-errno -fno-rounding-math -mconstructor-aliases -munwind-tables -target-cpu znver2 -debugger-tuning=gdb -v -fcoverage-compilation-dir=/home/nov0488/heatedplate/src/build/CMakeFiles/CMakeTmp -resource-dir /apps/all/AOCC/3.2.0-GCCcore-11.2.0/lib/clang/13.0.0 -dependency-file CMakeFiles/cmTC_933ba.dir/CMakeCXXCompilerABI.cpp.o.d -MT CMakeFiles/cmTC_933ba.dir/CMakeCXXCompilerABI.cpp.o -sys-header-deps -I/apps/all/binutils/2.38-GCCcore-12.1.0/include -I/apps/all/zlib/1.2.12-GCCcore-12.1.0/include -I/apps/all/libarchive/3.6.1-GCCcore-12.2.0/include -I/apps/all/XZ/5.2.7-GCCcore-12.2.0/include -I/apps/all/cURL/7.86.0-GCCcore-12.2.0/include -I/apps/all/OpenSSL/1.1/include -I/apps/all/bzip2/1.0.8-GCCcore-12.2.0/include -I/apps/all/ncurses/6.3-GCCcore-12.2.0/include -I/apps/all/AOCC/3.2.0-GCCcore-11.2.0/include -I/apps/all/libxml2/2.9.10-GCCcore-11.2.0/include/libxml2 -I/apps/all/libxml2/2.9.10-GCCcore-11.2.0/include -I/apps/all/imkl/2022.0.1/mkl/2022.0.1/include/fftw -I/apps/all/imkl/2022.0.1/mkl/2022.0.1/include -I/apps/all/impi/2021.5.0-intel-compilers-2022.0.1/mpi/2021.5.0/include -I/apps/all/UCX/1.11.2-GCCcore-11.2.0/include -I/apps/all/numactl/2.0.14-GCCcore-11.2.0/include -I/apps/all/intel-compilers/2022.0.1/tbb/2021.5.0/include -c-isystem /apps/all/AOCC/3.2.0-GCCcore-11.2.0/include -cxx-isystem /apps/all/AOCC/3.2.0-GCCcore-11.2.0/include -internal-isystem /apps/all/GCCcore/12.1.0/lib/gcc/x86_64-pc-linux-gnu/12.1.0/../../../../include/c++/12.1.0 -internal-isystem /apps/all/GCCcore/12.1.0/lib/gcc/x86_64-pc-linux-gnu/12.1.0/../../../../include/c++/12.1.0/x86_64-pc-linux-gnu -internal-isystem /apps/all/GCCcore/12.1.0/lib/gcc/x86_64-pc-linux-gnu/12.1.0/../../../../include/c++/12.1.0/backward -internal-isystem /apps/all/AOCC/3.2.0-GCCcore-11.2.0/lib/clang/13.0.0/include -internal-isystem /usr/local/include -internal-isystem /apps/all/GCCcore/12.1.0/lib/gcc/x86_64-pc-linux-gnu/12.1.0/../../../../x86_64-pc-linux-gnu/include -internal-externc-isystem /include -internal-externc-isystem /usr/include -O2 -fdeprecated-macro -fdebug-compilation-dir=/home/nov0488/heatedplate/src/build/CMakeFiles/CMakeTmp -ferror-limit 19 -fgnuc-version=4.2.1 -fcxx-exceptions -fexceptions -vectorize-loops -vectorize-slp -struct-peel-mem-block-size=16384 -mllvm -rv-max-reg-size=256 -mllvm -enable-branch-combine -mllvm -phi-elim-preserve-cmpjmp-glue -itodcalls -itodcallsbyclone -faddrsig -D__GCC_HAVE_DWARF2_CFI_ASM=1 -o CMakeFiles/cmTC_933ba.dir/CMakeCXXCompilerABI.cpp.o -x c++ /apps/all/CMake/3.24.3-GCCcore-12.2.0/share/cmake-3.24/Modules/CMakeCXXCompilerABI.cpp
clang -cc1 version 13.0.0 based upon LLVM Mirror.Version.13.0.0 default target x86_64-unknown-linux-gnu
ignoring nonexistent directory "/apps/all/GCCcore/12.1.0/lib/gcc/x86_64-pc-linux-gnu/12.1.0/../../../../x86_64-pc-linux-gnu/include"
ignoring nonexistent directory "/include"
ignoring duplicate directory "/apps/all/AOCC/3.2.0-GCCcore-11.2.0/include"
  as it is a non-system directory that duplicates a system directory
#include "..." search starts here:
#include <...> search starts here:
 /apps/all/binutils/2.38-GCCcore-12.1.0/include
 /apps/all/zlib/1.2.12-GCCcore-12.1.0/include
 /apps/all/libarchive/3.6.1-GCCcore-12.2.0/include
 /apps/all/XZ/5.2.7-GCCcore-12.2.0/include
 /apps/all/cURL/7.86.0-GCCcore-12.2.0/include
 /apps/all/OpenSSL/1.1/include
 /apps/all/bzip2/1.0.8-GCCcore-12.2.0/include
 /apps/all/ncurses/6.3-GCCcore-12.2.0/include
 /apps/all/libxml2/2.9.10-GCCcore-11.2.0/include/libxml2
 /apps/all/libxml2/2.9.10-GCCcore-11.2.0/include
 /apps/all/imkl/2022.0.1/mkl/2022.0.1/include/fftw
 /apps/all/imkl/2022.0.1/mkl/2022.0.1/include
 /apps/all/impi/2021.5.0-intel-compilers-2022.0.1/mpi/2021.5.0/include
 /apps/all/UCX/1.11.2-GCCcore-11.2.0/include
 /apps/all/numactl/2.0.14-GCCcore-11.2.0/include
 /apps/all/intel-compilers/2022.0.1/tbb/2021.5.0/include
 /apps/all/AOCC/3.2.0-GCCcore-11.2.0/include
 /apps/all/GCCcore/12.1.0/lib/gcc/x86_64-pc-linux-gnu/12.1.0/../../../../include/c++/12.1.0
 /apps/all/GCCcore/12.1.0/lib/gcc/x86_64-pc-linux-gnu/12.1.0/../../../../include/c++/12.1.0/x86_64-pc-linux-gnu
 /apps/all/GCCcore/12.1.0/lib/gcc/x86_64-pc-linux-gnu/12.1.0/../../../../include/c++/12.1.0/backward
 /apps/all/AOCC/3.2.0-GCCcore-11.2.0/lib/clang/13.0.0/include
 /usr/local/include
 /usr/include
End of search list.
Linking CXX executable cmTC_933ba
/apps/all/CMake/3.24.3-GCCcore-12.2.0/bin/cmake -E cmake_link_script CMakeFiles/cmTC_933ba.dir/link.txt --verbose=1
/apps/all/AOCC/3.2.0-GCCcore-11.2.0/bin/clang++ -O2 -fPIC -march=znver2   -v -rdynamic CMakeFiles/cmTC_933ba.dir/CMakeCXXCompilerABI.cpp.o -o cmTC_933ba 
AMD clang version 13.0.0 (CLANG: AOCC_3.2.0-Build#128 2021_11_12) (based on LLVM Mirror.Version.13.0.0)
Target: x86_64-unknown-linux-gnu
Thread model: posix
InstalledDir: /apps/all/AOCC/3.2.0-GCCcore-11.2.0/bin
Found candidate GCC installation: /apps/all/GCCcore/12.1.0/lib/gcc/x86_64-pc-linux-gnu/12.1.0
Selected GCC installation: /apps/all/GCCcore/12.1.0/lib/gcc/x86_64-pc-linux-gnu/12.1.0
Candidate multilib: .;@m64
Selected multilib: .;@m64
 "/apps/all/AOCC/3.2.0-GCCcore-11.2.0/bin/ld.lld" -export-dynamic --hash-style=gnu --eh-frame-hdr -m elf_x86_64 -export-dynamic -dynamic-linker /lib64/ld-linux-x86-64.so.2 -o cmTC_933ba /lib/../lib64/crt1.o /lib/../lib64/crti.o /apps/all/GCCcore/12.1.0/lib/gcc/x86_64-pc-linux-gnu/12.1.0/crtbegin.o -L/apps/all/GCCcore/12.1.0/lib/gcc/x86_64-pc-linux-gnu/12.1.0 -L/apps/all/GCCcore/12.1.0/lib/gcc/x86_64-pc-linux-gnu/12.1.0/../../../../lib64 -L/lib/../lib64 -L/usr/lib/../lib64 -L/apps/all/AOCC/3.2.0-GCCcore-11.2.0/bin/../lib -L/lib -L/usr/lib -L/apps/all/binutils/2.38-GCCcore-12.1.0/lib -L/apps/all/zlib/1.2.12-GCCcore-12.1.0/lib -L/apps/all/libarchive/3.6.1-GCCcore-12.2.0/lib -L/apps/all/XZ/5.2.7-GCCcore-12.2.0/lib -L/apps/all/cURL/7.86.0-GCCcore-12.2.0/lib -L/apps/all/OpenSSL/1.1/lib -L/apps/all/bzip2/1.0.8-GCCcore-12.2.0/lib -L/apps/all/ncurses/6.3-GCCcore-12.2.0/lib -L/apps/all/AOCC/3.2.0-GCCcore-11.2.0/lib32 -L/apps/all/AOCC/3.2.0-GCCcore-11.2.0/lib -L/apps/all/libxml2/2.9.10-GCCcore-11.2.0/lib -L/apps/all/imkl-FFTW/2022.0.1-iimpi-2022.00/lib -L/apps/all/imkl/2022.0.1/mkl/2022.0.1/lib/intel64 -L/apps/all/imkl/2022.0.1/compiler/2022.0.1/linux/compiler/lib/intel64_lin -L/apps/all/impi/2021.5.0-intel-compilers-2022.0.1/mpi/2021.5.0/libfabric/lib -L/apps/all/impi/2021.5.0-intel-compilers-2022.0.1/mpi/2021.5.0/lib/release -L/apps/all/impi/2021.5.0-intel-compilers-2022.0.1/mpi/2021.5.0/lib -L/apps/all/UCX/1.11.2-GCCcore-11.2.0/lib -L/apps/all/numactl/2.0.14-GCCcore-11.2.0/lib -L/apps/all/intel-compilers/2022.0.1/tbb/2021.5.0/lib/intel64/gcc4.8 -L/apps/all/intel-compilers/2022.0.1/compiler/2022.0.1/linux/compiler/lib/intel64_lin -L/apps/all/intel-compilers/2022.0.1/compiler/2022.0.1/linux/lib/x64 -L/apps/all/intel-compilers/2022.0.1/compiler/2022.0.1/linux/lib CMakeFiles/cmTC_933ba.dir/CMakeCXXCompilerABI.cpp.o -lstdc++ -lm -lgcc_s -lgcc -lc -lgcc_s -lgcc /apps/all/GCCcore/12.1.0/lib/gcc/x86_64-pc-linux-gnu/12.1.0/crtend.o /lib/../lib64/crtn.o
gmake[1]: Leaving directory `/home/nov0488/heatedplate/src/build/CMakeFiles/CMakeTmp'



Parsed CXX implicit include dir info from above output: rv=done
  found start of include info
  found start of implicit include info
    add: [/apps/all/binutils/2.38-GCCcore-12.1.0/include]
    add: [/apps/all/zlib/1.2.12-GCCcore-12.1.0/include]
    add: [/apps/all/libarchive/3.6.1-GCCcore-12.2.0/include]
    add: [/apps/all/XZ/5.2.7-GCCcore-12.2.0/include]
    add: [/apps/all/cURL/7.86.0-GCCcore-12.2.0/include]
    add: [/apps/all/OpenSSL/1.1/include]
    add: [/apps/all/bzip2/1.0.8-GCCcore-12.2.0/include]
    add: [/apps/all/ncurses/6.3-GCCcore-12.2.0/include]
    add: [/apps/all/libxml2/2.9.10-GCCcore-11.2.0/include/libxml2]
    add: [/apps/all/libxml2/2.9.10-GCCcore-11.2.0/include]
    add: [/apps/all/imkl/2022.0.1/mkl/2022.0.1/include/fftw]
    add: [/apps/all/imkl/2022.0.1/mkl/2022.0.1/include]
    add: [/apps/all/impi/2021.5.0-intel-compilers-2022.0.1/mpi/2021.5.0/include]
    add: [/apps/all/UCX/1.11.2-GCCcore-11.2.0/include]
    add: [/apps/all/numactl/2.0.14-GCCcore-11.2.0/include]
    add: [/apps/all/intel-compilers/2022.0.1/tbb/2021.5.0/include]
    add: [/apps/all/AOCC/3.2.0-GCCcore-11.2.0/include]
    add: [/apps/all/GCCcore/12.1.0/lib/gcc/x86_64-pc-linux-gnu/12.1.0/../../../../include/c++/12.1.0]
    add: [/apps/all/GCCcore/12.1.0/lib/gcc/x86_64-pc-linux-gnu/12.1.0/../../../../include/c++/12.1.0/x86_64-pc-linux-gnu]
    add: [/apps/all/GCCcore/12.1.0/lib/gcc/x86_64-pc-linux-gnu/12.1.0/../../../../include/c++/12.1.0/backward]
    add: [/apps/all/AOCC/3.2.0-GCCcore-11.2.0/lib/clang/13.0.0/include]
    add: [/usr/local/include]
    add: [/usr/include]
  end of search list found
  collapse include dir [/apps/all/binutils/2.38-GCCcore-12.1.0/include] ==> [/apps/all/binutils/2.38-GCCcore-12.1.0/include]
  collapse include dir [/apps/all/zlib/1.2.12-GCCcore-12.1.0/include] ==> [/apps/all/zlib/1.2.12-GCCcore-12.1.0/include]
  collapse include dir [/apps/all/libarchive/3.6.1-GCCcore-12.2.0/include] ==> [/apps/all/libarchive/3.6.1-GCCcore-12.2.0/include]
  collapse include dir [/apps/all/XZ/5.2.7-GCCcore-12.2.0/include] ==> [/apps/all/XZ/5.2.7-GCCcore-12.2.0/include]
  collapse include dir [/apps/all/cURL/7.86.0-GCCcore-12.2.0/include] ==> [/apps/all/cURL/7.86.0-GCCcore-12.2.0/include]
  collapse include dir [/apps/all/OpenSSL/1.1/include] ==> [/apps/all/OpenSSL/1.1/include]
  collapse include dir [/apps/all/bzip2/1.0.8-GCCcore-12.2.0/include] ==> [/apps/all/bzip2/1.0.8-GCCcore-12.2.0/include]
  collapse include dir [/apps/all/ncurses/6.3-GCCcore-12.2.0/include] ==> [/apps/all/ncurses/6.3-GCCcore-12.2.0/include]
  collapse include dir [/apps/all/libxml2/2.9.10-GCCcore-11.2.0/include/libxml2] ==> [/apps/all/libxml2/2.9.10-GCCcore-11.2.0/include/libxml2]
  collapse include dir [/apps/all/libxml2/2.9.10-GCCcore-11.2.0/include] ==> [/apps/all/libxml2/2.9.10-GCCcore-11.2.0/include]
  collapse include dir [/apps/all/imkl/2022.0.1/mkl/2022.0.1/include/fftw] ==> [/apps/all/imkl/2022.0.1/mkl/2022.0.1/include/fftw]
  collapse include dir [/apps/all/imkl/2022.0.1/mkl/2022.0.1/include] ==> [/apps/all/imkl/2022.0.1/mkl/2022.0.1/include]
  collapse include dir [/apps/all/impi/2021.5.0-intel-compilers-2022.0.1/mpi/2021.5.0/include] ==> [/apps/all/impi/2021.5.0-intel-compilers-2022.0.1/mpi/2021.5.0/include]
  collapse include dir [/apps/all/UCX/1.11.2-GCCcore-11.2.0/include] ==> [/apps/all/UCX/1.11.2-GCCcore-11.2.0/include]
  collapse include dir [/apps/all/numactl/2.0.14-GCCcore-11.2.0/include] ==> [/apps/all/numactl/2.0.14-GCCcore-11.2.0/include]
  collapse include dir [/apps/all/intel-compilers/2022.0.1/tbb/2021.5.0/include] ==> [/apps/all/intel-compilers/2022.0.1/tbb/2021.5.0/include]
  collapse include dir [/apps/all/AOCC/3.2.0-GCCcore-11.2.0/include] ==> [/apps/all/AOCC/3.2.0-GCCcore-11.2.0/include]
  collapse include dir [/apps/all/GCCcore/12.1.0/lib/gcc/x86_64-pc-linux-gnu/12.1.0/../../../../include/c++/12.1.0] ==> [/apps/all/GCCcore/12.1.0/include/c++/12.1.0]
  collapse include dir [/apps/all/GCCcore/12.1.0/lib/gcc/x86_64-pc-linux-gnu/12.1.0/../../../../include/c++/12.1.0/x86_64-pc-linux-gnu] ==> [/apps/all/GCCcore/12.1.0/include/c++/12.1.0/x86_64-pc-linux-gnu]
  collapse include dir [/apps/all/GCCcore/12.1.0/lib/gcc/x86_64-pc-linux-gnu/12.1.0/../../../../include/c++/12.1.0/backward] ==> [/apps/all/GCCcore/12.1.0/include/c++/12.1.0/backward]
  collapse include dir [/apps/all/AOCC/3.2.0-GCCcore-11.2.0/lib/clang/13.0.0/include] ==> [/apps/all/AOCC/3.2.0-GCCcore-11.2.0/lib/clang/13.0.0/include]
  collapse include dir [/usr/local/include] ==> [/usr/local/include]
  collapse include dir [/usr/include] ==> [/usr/include]
  implicit include dirs: [/apps/all/binutils/2.38-GCCcore-12.1.0/include;/apps/all/zlib/1.2.12-GCCcore-12.1.0/include;/apps/all/libarchive/3.6.1-GCCcore-12.2.0/include;/apps/all/XZ/5.2.7-GCCcore-12.2.0/include;/apps/all/cURL/7.86.0-GCCcore-12.2.0/include;/apps/all/OpenSSL/1.1/include;/apps/all/bzip2/1.0.8-GCCcore-12.2.0/include;/apps/all/ncurses/6.3-GCCcore-12.2.0/include;/apps/all/libxml2/2.9.10-GCCcore-11.2.0/include/libxml2;/apps/all/libxml2/2.9.10-GCCcore-11.2.0/include;/apps/all/imkl/2022.0.1/mkl/2022.0.1/include/fftw;/apps/all/imkl/2022.0.1/mkl/2022.0.1/include;/apps/all/impi/2021.5.0-intel-compilers-2022.0.1/mpi/2021.5.0/include;/apps/all/UCX/1.11.2-GCCcore-11.2.0/include;/apps/all/numactl/2.0.14-GCCcore-11.2.0/include;/apps/all/intel-compilers/2022.0.1/tbb/2021.5.0/include;/apps/all/AOCC/3.2.0-GCCcore-11.2.0/include;/apps/all/GCCcore/12.1.0/include/c++/12.1.0;/apps/all/GCCcore/12.1.0/include/c++/12.1.0/x86_64-pc-linux-gnu;/apps/all/GCCcore/12.1.0/include/c++/12.1.0/backward;/apps/all/AOCC/3.2.0-GCCcore-11.2.0/lib/clang/13.0.0/include;/usr/local/include;/usr/include]


Parsed CXX implicit link information from above output:
  link line regex: [^( *|.*[/\])(ld\.lld|CMAKE_LINK_STARTFILE-NOTFOUND|([^/\]+-)?ld|collect2)[^/\]*( |$)]
  ignore line: [Change Dir: /home/nov0488/heatedplate/src/build/CMakeFiles/CMakeTmp]
  ignore line: []
  ignore line: [Run Build Command(s):/usr/bin/gmake -f Makefile cmTC_933ba/fast && /usr/bin/gmake  -f CMakeFiles/cmTC_933ba.dir/build.make CMakeFiles/cmTC_933ba.dir/build]
  ignore line: [gmake[1]: Entering directory `/home/nov0488/heatedplate/src/build/CMakeFiles/CMakeTmp']
  ignore line: [Building CXX object CMakeFiles/cmTC_933ba.dir/CMakeCXXCompilerABI.cpp.o]
  ignore line: [/apps/all/AOCC/3.2.0-GCCcore-11.2.0/bin/clang++   -O2 -fPIC -march=znver2    -v -MD -MT CMakeFiles/cmTC_933ba.dir/CMakeCXXCompilerABI.cpp.o -MF CMakeFiles/cmTC_933ba.dir/CMakeCXXCompilerABI.cpp.o.d -o CMakeFiles/cmTC_933ba.dir/CMakeCXXCompilerABI.cpp.o -c /apps/all/CMake/3.24.3-GCCcore-12.2.0/share/cmake-3.24/Modules/CMakeCXXCompilerABI.cpp]
  ignore line: [AMD clang version 13.0.0 (CLANG: AOCC_3.2.0-Build#128 2021_11_12) (based on LLVM Mirror.Version.13.0.0)]
  ignore line: [Target: x86_64-unknown-linux-gnu]
  ignore line: [Thread model: posix]
  ignore line: [InstalledDir: /apps/all/AOCC/3.2.0-GCCcore-11.2.0/bin]
  ignore line: [Found candidate GCC installation: /apps/all/GCCcore/12.1.0/lib/gcc/x86_64-pc-linux-gnu/12.1.0]
  ignore line: [Selected GCC installation: /apps/all/GCCcore/12.1.0/lib/gcc/x86_64-pc-linux-gnu/12.1.0]
  ignore line: [Candidate multilib: .]
  ignore line: [@m64]
  ignore line: [Selected multilib: .]
  ignore line: [@m64]
  ignore line: [ (in-process)]
  ignore line: [ "/apps/all/AOCC/3.2.0-GCCcore-11.2.0/bin/clang++.orig" -cc1 -triple x86_64-unknown-linux-gnu -emit-obj --mrelax-relocations -disable-free -main-file-name CMakeCXXCompilerABI.cpp -mrelocation-model pic -pic-level 2 -fhalf-no-semantic-interposition -mframe-pointer=none -fmath-errno -fno-rounding-math -mconstructor-aliases -munwind-tables -target-cpu znver2 -debugger-tuning=gdb -v -fcoverage-compilation-dir=/home/nov0488/heatedplate/src/build/CMakeFiles/CMakeTmp -resource-dir /apps/all/AOCC/3.2.0-GCCcore-11.2.0/lib/clang/13.0.0 -dependency-file CMakeFiles/cmTC_933ba.dir/CMakeCXXCompilerABI.cpp.o.d -MT CMakeFiles/cmTC_933ba.dir/CMakeCXXCompilerABI.cpp.o -sys-header-deps -I/apps/all/binutils/2.38-GCCcore-12.1.0/include -I/apps/all/zlib/1.2.12-GCCcore-12.1.0/include -I/apps/all/libarchive/3.6.1-GCCcore-12.2.0/include -I/apps/all/XZ/5.2.7-GCCcore-12.2.0/include -I/apps/all/cURL/7.86.0-GCCcore-12.2.0/include -I/apps/all/OpenSSL/1.1/include -I/apps/all/bzip2/1.0.8-GCCcore-12.2.0/include -I/apps/all/ncurses/6.3-GCCcore-12.2.0/include -I/apps/all/AOCC/3.2.0-GCCcore-11.2.0/include -I/apps/all/libxml2/2.9.10-GCCcore-11.2.0/include/libxml2 -I/apps/all/libxml2/2.9.10-GCCcore-11.2.0/include -I/apps/all/imkl/2022.0.1/mkl/2022.0.1/include/fftw -I/apps/all/imkl/2022.0.1/mkl/2022.0.1/include -I/apps/all/impi/2021.5.0-intel-compilers-2022.0.1/mpi/2021.5.0/include -I/apps/all/UCX/1.11.2-GCCcore-11.2.0/include -I/apps/all/numactl/2.0.14-GCCcore-11.2.0/include -I/apps/all/intel-compilers/2022.0.1/tbb/2021.5.0/include -c-isystem /apps/all/AOCC/3.2.0-GCCcore-11.2.0/include -cxx-isystem /apps/all/AOCC/3.2.0-GCCcore-11.2.0/include -internal-isystem /apps/all/GCCcore/12.1.0/lib/gcc/x86_64-pc-linux-gnu/12.1.0/../../../../include/c++/12.1.0 -internal-isystem /apps/all/GCCcore/12.1.0/lib/gcc/x86_64-pc-linux-gnu/12.1.0/../../../../include/c++/12.1.0/x86_64-pc-linux-gnu -internal-isystem /apps/all/GCCcore/12.1.0/lib/gcc/x86_64-pc-linux-gnu/12.1.0/../../../../include/c++/12.1.0/backward -internal-isystem /apps/all/AOCC/3.2.0-GCCcore-11.2.0/lib/clang/13.0.0/include -internal-isystem /usr/local/include -internal-isystem /apps/all/GCCcore/12.1.0/lib/gcc/x86_64-pc-linux-gnu/12.1.0/../../../../x86_64-pc-linux-gnu/include -internal-externc-isystem /include -internal-externc-isystem /usr/include -O2 -fdeprecated-macro -fdebug-compilation-dir=/home/nov0488/heatedplate/src/build/CMakeFiles/CMakeTmp -ferror-limit 19 -fgnuc-version=4.2.1 -fcxx-exceptions -fexceptions -vectorize-loops -vectorize-slp -struct-peel-mem-block-size=16384 -mllvm -rv-max-reg-size=256 -mllvm -enable-branch-combine -mllvm -phi-elim-preserve-cmpjmp-glue -itodcalls -itodcallsbyclone -faddrsig -D__GCC_HAVE_DWARF2_CFI_ASM=1 -o CMakeFiles/cmTC_933ba.dir/CMakeCXXCompilerABI.cpp.o -x c++ /apps/all/CMake/3.24.3-GCCcore-12.2.0/share/cmake-3.24/Modules/CMakeCXXCompilerABI.cpp]
  ignore line: [clang -cc1 version 13.0.0 based upon LLVM Mirror.Version.13.0.0 default target x86_64-unknown-linux-gnu]
  ignore line: [ignoring nonexistent directory "/apps/all/GCCcore/12.1.0/lib/gcc/x86_64-pc-linux-gnu/12.1.0/../../../../x86_64-pc-linux-gnu/include"]
  ignore line: [ignoring nonexistent directory "/include"]
  ignore line: [ignoring duplicate directory "/apps/all/AOCC/3.2.0-GCCcore-11.2.0/include"]
  ignore line: [  as it is a non-system directory that duplicates a system directory]
  ignore line: [#include "..." search starts here:]
  ignore line: [#include <...> search starts here:]
  ignore line: [ /apps/all/binutils/2.38-GCCcore-12.1.0/include]
  ignore line: [ /apps/all/zlib/1.2.12-GCCcore-12.1.0/include]
  ignore line: [ /apps/all/libarchive/3.6.1-GCCcore-12.2.0/include]
  ignore line: [ /apps/all/XZ/5.2.7-GCCcore-12.2.0/include]
  ignore line: [ /apps/all/cURL/7.86.0-GCCcore-12.2.0/include]
  ignore line: [ /apps/all/OpenSSL/1.1/include]
  ignore line: [ /apps/all/bzip2/1.0.8-GCCcore-12.2.0/include]
  ignore line: [ /apps/all/ncurses/6.3-GCCcore-12.2.0/include]
  ignore line: [ /apps/all/libxml2/2.9.10-GCCcore-11.2.0/include/libxml2]
  ignore line: [ /apps/all/libxml2/2.9.10-GCCcore-11.2.0/include]
  ignore line: [ /apps/all/imkl/2022.0.1/mkl/2022.0.1/include/fftw]
  ignore line: [ /apps/all/imkl/2022.0.1/mkl/2022.0.1/include]
  ignore line: [ /apps/all/impi/2021.5.0-intel-compilers-2022.0.1/mpi/2021.5.0/include]
  ignore line: [ /apps/all/UCX/1.11.2-GCCcore-11.2.0/include]
  ignore line: [ /apps/all/numactl/2.0.14-GCCcore-11.2.0/include]
  ignore line: [ /apps/all/intel-compilers/2022.0.1/tbb/2021.5.0/include]
  ignore line: [ /apps/all/AOCC/3.2.0-GCCcore-11.2.0/include]
  ignore line: [ /apps/all/GCCcore/12.1.0/lib/gcc/x86_64-pc-linux-gnu/12.1.0/../../../../include/c++/12.1.0]
  ignore line: [ /apps/all/GCCcore/12.1.0/lib/gcc/x86_64-pc-linux-gnu/12.1.0/../../../../include/c++/12.1.0/x86_64-pc-linux-gnu]
  ignore line: [ /apps/all/GCCcore/12.1.0/lib/gcc/x86_64-pc-linux-gnu/12.1.0/../../../../include/c++/12.1.0/backward]
  ignore line: [ /apps/all/AOCC/3.2.0-GCCcore-11.2.0/lib/clang/13.0.0/include]
  ignore line: [ /usr/local/include]
  ignore line: [ /usr/include]
  ignore line: [End of search list.]
  ignore line: [Linking CXX executable cmTC_933ba]
  ignore line: [/apps/all/CMake/3.24.3-GCCcore-12.2.0/bin/cmake -E cmake_link_script CMakeFiles/cmTC_933ba.dir/link.txt --verbose=1]
  ignore line: [/apps/all/AOCC/3.2.0-GCCcore-11.2.0/bin/clang++ -O2 -fPIC -march=znver2   -v -rdynamic CMakeFiles/cmTC_933ba.dir/CMakeCXXCompilerABI.cpp.o -o cmTC_933ba ]
  ignore line: [AMD clang version 13.0.0 (CLANG: AOCC_3.2.0-Build#128 2021_11_12) (based on LLVM Mirror.Version.13.0.0)]
  ignore line: [Target: x86_64-unknown-linux-gnu]
  ignore line: [Thread model: posix]
  ignore line: [InstalledDir: /apps/all/AOCC/3.2.0-GCCcore-11.2.0/bin]
  ignore line: [Found candidate GCC installation: /apps/all/GCCcore/12.1.0/lib/gcc/x86_64-pc-linux-gnu/12.1.0]
  ignore line: [Selected GCC installation: /apps/all/GCCcore/12.1.0/lib/gcc/x86_64-pc-linux-gnu/12.1.0]
  ignore line: [Candidate multilib: .]
  ignore line: [@m64]
  ignore line: [Selected multilib: .]
  ignore line: [@m64]
  link line: [ "/apps/all/AOCC/3.2.0-GCCcore-11.2.0/bin/ld.lld" -export-dynamic --hash-style=gnu --eh-frame-hdr -m elf_x86_64 -export-dynamic -dynamic-linker /lib64/ld-linux-x86-64.so.2 -o cmTC_933ba /lib/../lib64/crt1.o /lib/../lib64/crti.o /apps/all/GCCcore/12.1.0/lib/gcc/x86_64-pc-linux-gnu/12.1.0/crtbegin.o -L/apps/all/GCCcore/12.1.0/lib/gcc/x86_64-pc-linux-gnu/12.1.0 -L/apps/all/GCCcore/12.1.0/lib/gcc/x86_64-pc-linux-gnu/12.1.0/../../../../lib64 -L/lib/../lib64 -L/usr/lib/../lib64 -L/apps/all/AOCC/3.2.0-GCCcore-11.2.0/bin/../lib -L/lib -L/usr/lib -L/apps/all/binutils/2.38-GCCcore-12.1.0/lib -L/apps/all/zlib/1.2.12-GCCcore-12.1.0/lib -L/apps/all/libarchive/3.6.1-GCCcore-12.2.0/lib -L/apps/all/XZ/5.2.7-GCCcore-12.2.0/lib -L/apps/all/cURL/7.86.0-GCCcore-12.2.0/lib -L/apps/all/OpenSSL/1.1/lib -L/apps/all/bzip2/1.0.8-GCCcore-12.2.0/lib -L/apps/all/ncurses/6.3-GCCcore-12.2.0/lib -L/apps/all/AOCC/3.2.0-GCCcore-11.2.0/lib32 -L/apps/all/AOCC/3.2.0-GCCcore-11.2.0/lib -L/apps/all/libxml2/2.9.10-GCCcore-11.2.0/lib -L/apps/all/imkl-FFTW/2022.0.1-iimpi-2022.00/lib -L/apps/all/imkl/2022.0.1/mkl/2022.0.1/lib/intel64 -L/apps/all/imkl/2022.0.1/compiler/2022.0.1/linux/compiler/lib/intel64_lin -L/apps/all/impi/2021.5.0-intel-compilers-2022.0.1/mpi/2021.5.0/libfabric/lib -L/apps/all/impi/2021.5.0-intel-compilers-2022.0.1/mpi/2021.5.0/lib/release -L/apps/all/impi/2021.5.0-intel-compilers-2022.0.1/mpi/2021.5.0/lib -L/apps/all/UCX/1.11.2-GCCcore-11.2.0/lib -L/apps/all/numactl/2.0.14-GCCcore-11.2.0/lib -L/apps/all/intel-compilers/2022.0.1/tbb/2021.5.0/lib/intel64/gcc4.8 -L/apps/all/intel-compilers/2022.0.1/compiler/2022.0.1/linux/compiler/lib/intel64_lin -L/apps/all/intel-compilers/2022.0.1/compiler/2022.0.1/linux/lib/x64 -L/apps/all/intel-compilers/2022.0.1/compiler/2022.0.1/linux/lib CMakeFiles/cmTC_933ba.dir/CMakeCXXCompilerABI.cpp.o -lstdc++ -lm -lgcc_s -lgcc -lc -lgcc_s -lgcc /apps/all/GCCcore/12.1.0/lib/gcc/x86_64-pc-linux-gnu/12.1.0/crtend.o /lib/../lib64/crtn.o]
    arg [/apps/all/AOCC/3.2.0-GCCcore-11.2.0/bin/ld.lld] ==> ignore
    arg [-export-dynamic] ==> ignore
    arg [--hash-style=gnu] ==> ignore
    arg [--eh-frame-hdr] ==> ignore
    arg [-m] ==> ignore
    arg [elf_x86_64] ==> ignore
    arg [-export-dynamic] ==> ignore
    arg [-dynamic-linker] ==> ignore
    arg [/lib64/ld-linux-x86-64.so.2] ==> ignore
    arg [-o] ==> ignore
    arg [cmTC_933ba] ==> ignore
    arg [/lib/../lib64/crt1.o] ==> obj [/lib/../lib64/crt1.o]
    arg [/lib/../lib64/crti.o] ==> obj [/lib/../lib64/crti.o]
    arg [/apps/all/GCCcore/12.1.0/lib/gcc/x86_64-pc-linux-gnu/12.1.0/crtbegin.o] ==> obj [/apps/all/GCCcore/12.1.0/lib/gcc/x86_64-pc-linux-gnu/12.1.0/crtbegin.o]
    arg [-L/apps/all/GCCcore/12.1.0/lib/gcc/x86_64-pc-linux-gnu/12.1.0] ==> dir [/apps/all/GCCcore/12.1.0/lib/gcc/x86_64-pc-linux-gnu/12.1.0]
    arg [-L/apps/all/GCCcore/12.1.0/lib/gcc/x86_64-pc-linux-gnu/12.1.0/../../../../lib64] ==> dir [/apps/all/GCCcore/12.1.0/lib/gcc/x86_64-pc-linux-gnu/12.1.0/../../../../lib64]
    arg [-L/lib/../lib64] ==> dir [/lib/../lib64]
    arg [-L/usr/lib/../lib64] ==> dir [/usr/lib/../lib64]
    arg [-L/apps/all/AOCC/3.2.0-GCCcore-11.2.0/bin/../lib] ==> dir [/apps/all/AOCC/3.2.0-GCCcore-11.2.0/bin/../lib]
    arg [-L/lib] ==> dir [/lib]
    arg [-L/usr/lib] ==> dir [/usr/lib]
    arg [-L/apps/all/binutils/2.38-GCCcore-12.1.0/lib] ==> dir [/apps/all/binutils/2.38-GCCcore-12.1.0/lib]
    arg [-L/apps/all/zlib/1.2.12-GCCcore-12.1.0/lib] ==> dir [/apps/all/zlib/1.2.12-GCCcore-12.1.0/lib]
    arg [-L/apps/all/libarchive/3.6.1-GCCcore-12.2.0/lib] ==> dir [/apps/all/libarchive/3.6.1-GCCcore-12.2.0/lib]
    arg [-L/apps/all/XZ/5.2.7-GCCcore-12.2.0/lib] ==> dir [/apps/all/XZ/5.2.7-GCCcore-12.2.0/lib]
    arg [-L/apps/all/cURL/7.86.0-GCCcore-12.2.0/lib] ==> dir [/apps/all/cURL/7.86.0-GCCcore-12.2.0/lib]
    arg [-L/apps/all/OpenSSL/1.1/lib] ==> dir [/apps/all/OpenSSL/1.1/lib]
    arg [-L/apps/all/bzip2/1.0.8-GCCcore-12.2.0/lib] ==> dir [/apps/all/bzip2/1.0.8-GCCcore-12.2.0/lib]
    arg [-L/apps/all/ncurses/6.3-GCCcore-12.2.0/lib] ==> dir [/apps/all/ncurses/6.3-GCCcore-12.2.0/lib]
    arg [-L/apps/all/AOCC/3.2.0-GCCcore-11.2.0/lib32] ==> dir [/apps/all/AOCC/3.2.0-GCCcore-11.2.0/lib32]
    arg [-L/apps/all/AOCC/3.2.0-GCCcore-11.2.0/lib] ==> dir [/apps/all/AOCC/3.2.0-GCCcore-11.2.0/lib]
    arg [-L/apps/all/libxml2/2.9.10-GCCcore-11.2.0/lib] ==> dir [/apps/all/libxml2/2.9.10-GCCcore-11.2.0/lib]
    arg [-L/apps/all/imkl-FFTW/2022.0.1-iimpi-2022.00/lib] ==> dir [/apps/all/imkl-FFTW/2022.0.1-iimpi-2022.00/lib]
    arg [-L/apps/all/imkl/2022.0.1/mkl/2022.0.1/lib/intel64] ==> dir [/apps/all/imkl/2022.0.1/mkl/2022.0.1/lib/intel64]
    arg [-L/apps/all/imkl/2022.0.1/compiler/2022.0.1/linux/compiler/lib/intel64_lin] ==> dir [/apps/all/imkl/2022.0.1/compiler/2022.0.1/linux/compiler/lib/intel64_lin]
    arg [-L/apps/all/impi/2021.5.0-intel-compilers-2022.0.1/mpi/2021.5.0/libfabric/lib] ==> dir [/apps/all/impi/2021.5.0-intel-compilers-2022.0.1/mpi/2021.5.0/libfabric/lib]
    arg [-L/apps/all/impi/2021.5.0-intel-compilers-2022.0.1/mpi/2021.5.0/lib/release] ==> dir [/apps/all/impi/2021.5.0-intel-compilers-2022.0.1/mpi/2021.5.0/lib/release]
    arg [-L/apps/all/impi/2021.5.0-intel-compilers-2022.0.1/mpi/2021.5.0/lib] ==> dir [/apps/all/impi/2021.5.0-intel-compilers-2022.0.1/mpi/2021.5.0/lib]
    arg [-L/apps/all/UCX/1.11.2-GCCcore-11.2.0/lib] ==> dir [/apps/all/UCX/1.11.2-GCCcore-11.2.0/lib]
    arg [-L/apps/all/numactl/2.0.14-GCCcore-11.2.0/lib] ==> dir [/apps/all/numactl/2.0.14-GCCcore-11.2.0/lib]
    arg [-L/apps/all/intel-compilers/2022.0.1/tbb/2021.5.0/lib/intel64/gcc4.8] ==> dir [/apps/all/intel-compilers/2022.0.1/tbb/2021.5.0/lib/intel64/gcc4.8]
    arg [-L/apps/all/intel-compilers/2022.0.1/compiler/2022.0.1/linux/compiler/lib/intel64_lin] ==> dir [/apps/all/intel-compilers/2022.0.1/compiler/2022.0.1/linux/compiler/lib/intel64_lin]
    arg [-L/apps/all/intel-compilers/2022.0.1/compiler/2022.0.1/linux/lib/x64] ==> dir [/apps/all/intel-compilers/2022.0.1/compiler/2022.0.1/linux/lib/x64]
    arg [-L/apps/all/intel-compilers/2022.0.1/compiler/2022.0.1/linux/lib] ==> dir [/apps/all/intel-compilers/2022.0.1/compiler/2022.0.1/linux/lib]
    arg [CMakeFiles/cmTC_933ba.dir/CMakeCXXCompilerABI.cpp.o] ==> ignore
    arg [-lstdc++] ==> lib [stdc++]
    arg [-lm] ==> lib [m]
    arg [-lgcc_s] ==> lib [gcc_s]
    arg [-lgcc] ==> lib [gcc]
    arg [-lc] ==> lib [c]
    arg [-lgcc_s] ==> lib [gcc_s]
    arg [-lgcc] ==> lib [gcc]
    arg [/apps/all/GCCcore/12.1.0/lib/gcc/x86_64-pc-linux-gnu/12.1.0/crtend.o] ==> obj [/apps/all/GCCcore/12.1.0/lib/gcc/x86_64-pc-linux-gnu/12.1.0/crtend.o]
    arg [/lib/../lib64/crtn.o] ==> obj [/lib/../lib64/crtn.o]
  collapse obj [/lib/../lib64/crt1.o] ==> [/lib64/crt1.o]
  collapse obj [/lib/../lib64/crti.o] ==> [/lib64/crti.o]
  collapse obj [/lib/../lib64/crtn.o] ==> [/lib64/crtn.o]
  collapse library dir [/apps/all/GCCcore/12.1.0/lib/gcc/x86_64-pc-linux-gnu/12.1.0] ==> [/apps/all/GCCcore/12.1.0/lib/gcc/x86_64-pc-linux-gnu/12.1.0]
  collapse library dir [/apps/all/GCCcore/12.1.0/lib/gcc/x86_64-pc-linux-gnu/12.1.0/../../../../lib64] ==> [/apps/all/GCCcore/12.1.0/lib64]
  collapse library dir [/lib/../lib64] ==> [/lib64]
  collapse library dir [/usr/lib/../lib64] ==> [/usr/lib64]
  collapse library dir [/apps/all/AOCC/3.2.0-GCCcore-11.2.0/bin/../lib] ==> [/apps/all/AOCC/3.2.0-GCCcore-11.2.0/lib]
  collapse library dir [/lib] ==> [/lib]
  collapse library dir [/usr/lib] ==> [/usr/lib]
  collapse library dir [/apps/all/binutils/2.38-GCCcore-12.1.0/lib] ==> [/apps/all/binutils/2.38-GCCcore-12.1.0/lib]
  collapse library dir [/apps/all/zlib/1.2.12-GCCcore-12.1.0/lib] ==> [/apps/all/zlib/1.2.12-GCCcore-12.1.0/lib]
  collapse library dir [/apps/all/libarchive/3.6.1-GCCcore-12.2.0/lib] ==> [/apps/all/libarchive/3.6.1-GCCcore-12.2.0/lib]
  collapse library dir [/apps/all/XZ/5.2.7-GCCcore-12.2.0/lib] ==> [/apps/all/XZ/5.2.7-GCCcore-12.2.0/lib]
  collapse library dir [/apps/all/cURL/7.86.0-GCCcore-12.2.0/lib] ==> [/apps/all/cURL/7.86.0-GCCcore-12.2.0/lib]
  collapse library dir [/apps/all/OpenSSL/1.1/lib] ==> [/apps/all/OpenSSL/1.1/lib]
  collapse library dir [/apps/all/bzip2/1.0.8-GCCcore-12.2.0/lib] ==> [/apps/all/bzip2/1.0.8-GCCcore-12.2.0/lib]
  collapse library dir [/apps/all/ncurses/6.3-GCCcore-12.2.0/lib] ==> [/apps/all/ncurses/6.3-GCCcore-12.2.0/lib]
  collapse library dir [/apps/all/AOCC/3.2.0-GCCcore-11.2.0/lib32] ==> [/apps/all/AOCC/3.2.0-GCCcore-11.2.0/lib32]
  collapse library dir [/apps/all/AOCC/3.2.0-GCCcore-11.2.0/lib] ==> [/apps/all/AOCC/3.2.0-GCCcore-11.2.0/lib]
  collapse library dir [/apps/all/libxml2/2.9.10-GCCcore-11.2.0/lib] ==> [/apps/all/libxml2/2.9.10-GCCcore-11.2.0/lib]
  collapse library dir [/apps/all/imkl-FFTW/2022.0.1-iimpi-2022.00/lib] ==> [/apps/all/imkl-FFTW/2022.0.1-iimpi-2022.00/lib]
  collapse library dir [/apps/all/imkl/2022.0.1/mkl/2022.0.1/lib/intel64] ==> [/apps/all/imkl/2022.0.1/mkl/2022.0.1/lib/intel64]
  collapse library dir [/apps/all/imkl/2022.0.1/compiler/2022.0.1/linux/compiler/lib/intel64_lin] ==> [/apps/all/imkl/2022.0.1/compiler/2022.0.1/linux/compiler/lib/intel64_lin]
  collapse library dir [/apps/all/impi/2021.5.0-intel-compilers-2022.0.1/mpi/2021.5.0/libfabric/lib] ==> [/apps/all/impi/2021.5.0-intel-compilers-2022.0.1/mpi/2021.5.0/libfabric/lib]
  collapse library dir [/apps/all/impi/2021.5.0-intel-compilers-2022.0.1/mpi/2021.5.0/lib/release] ==> [/apps/all/impi/2021.5.0-intel-compilers-2022.0.1/mpi/2021.5.0/lib/release]
  collapse library dir [/apps/all/impi/2021.5.0-intel-compilers-2022.0.1/mpi/2021.5.0/lib] ==> [/apps/all/impi/2021.5.0-intel-compilers-2022.0.1/mpi/2021.5.0/lib]
  collapse library dir [/apps/all/UCX/1.11.2-GCCcore-11.2.0/lib] ==> [/apps/all/UCX/1.11.2-GCCcore-11.2.0/lib]
  collapse library dir [/apps/all/numactl/2.0.14-GCCcore-11.2.0/lib] ==> [/apps/all/numactl/2.0.14-GCCcore-11.2.0/lib]
  collapse library dir [/apps/all/intel-compilers/2022.0.1/tbb/2021.5.0/lib/intel64/gcc4.8] ==> [/apps/all/intel-compilers/2022.0.1/tbb/2021.5.0/lib/intel64/gcc4.8]
  collapse library dir [/apps/all/intel-compilers/2022.0.1/compiler/2022.0.1/linux/compiler/lib/intel64_lin] ==> [/apps/all/intel-compilers/2022.0.1/compiler/2022.0.1/linux/compiler/lib/intel64_lin]
  collapse library dir [/apps/all/intel-compilers/2022.0.1/compiler/2022.0.1/linux/lib/x64] ==> [/apps/all/intel-compilers/2022.0.1/compiler/2022.0.1/linux/lib/x64]
  collapse library dir [/apps/all/intel-compilers/2022.0.1/compiler/2022.0.1/linux/lib] ==> [/apps/all/intel-compilers/2022.0.1/compiler/2022.0.1/linux/lib]
  implicit libs: [stdc++;m;gcc_s;gcc;c;gcc_s;gcc]
  implicit objs: [/lib64/crt1.o;/lib64/crti.o;/apps/all/GCCcore/12.1.0/lib/gcc/x86_64-pc-linux-gnu/12.1.0/crtbegin.o;/apps/all/GCCcore/12.1.0/lib/gcc/x86_64-pc-linux-gnu/12.1.0/crtend.o;/lib64/crtn.o]
  implicit dirs: [/apps/all/GCCcore/12.1.0/lib/gcc/x86_64-pc-linux-gnu/12.1.0;/apps/all/GCCcore/12.1.0/lib64;/lib64;/usr/lib64;/apps/all/AOCC/3.2.0-GCCcore-11.2.0/lib;/lib;/usr/lib;/apps/all/binutils/2.38-GCCcore-12.1.0/lib;/apps/all/zlib/1.2.12-GCCcore-12.1.0/lib;/apps/all/libarchive/3.6.1-GCCcore-12.2.0/lib;/apps/all/XZ/5.2.7-GCCcore-12.2.0/lib;/apps/all/cURL/7.86.0-GCCcore-12.2.0/lib;/apps/all/OpenSSL/1.1/lib;/apps/all/bzip2/1.0.8-GCCcore-12.2.0/lib;/apps/all/ncurses/6.3-GCCcore-12.2.0/lib;/apps/all/AOCC/3.2.0-GCCcore-11.2.0/lib32;/apps/all/libxml2/2.9.10-GCCcore-11.2.0/lib;/apps/all/imkl-FFTW/2022.0.1-iimpi-2022.00/lib;/apps/all/imkl/2022.0.1/mkl/2022.0.1/lib/intel64;/apps/all/imkl/2022.0.1/compiler/2022.0.1/linux/compiler/lib/intel64_lin;/apps/all/impi/2021.5.0-intel-compilers-2022.0.1/mpi/2021.5.0/libfabric/lib;/apps/all/impi/2021.5.0-intel-compilers-2022.0.1/mpi/2021.5.0/lib/release;/apps/all/impi/2021.5.0-intel-compilers-2022.0.1/mpi/2021.5.0/lib;/apps/all/UCX/1.11.2-GCCcore-11.2.0/lib;/apps/all/numactl/2.0.14-GCCcore-11.2.0/lib;/apps/all/intel-compilers/2022.0.1/tbb/2021.5.0/lib/intel64/gcc4.8;/apps/all/intel-compilers/2022.0.1/compiler/2022.0.1/linux/compiler/lib/intel64_lin;/apps/all/intel-compilers/2022.0.1/compiler/2022.0.1/linux/lib/x64;/apps/all/intel-compilers/2022.0.1/compiler/2022.0.1/linux/lib]
  implicit fwks: []


